#
# There is insufficient memory for the Java Runtime Environment to continue.
# Native memory allocation (mmap) failed to map 125829120 bytes for G1 virtual space
# Possible reasons:
#   The system is out of physical RAM or swap space
#   The process is running with CompressedOops enabled, and the Java Heap may be blocking the growth of the native heap
# Possible solutions:
#   Reduce memory load on the system
#   Increase physical memory or swap space
#   Check if swap backing store is full
#   Decrease Java heap size (-Xmx/-Xms)
#   Decrease number of Java threads
#   Decrease Java thread stack sizes (-Xss)
#   Set larger code cache with -XX:ReservedCodeCacheSize=
#   JVM is running with Unscaled Compressed Oops mode in which the Java heap is
#     placed in the first 4GB address space. The Java Heap base address is the
#     maximum limit for the native heap growth. Please use -XX:HeapBaseMinAddress
#     to set the Java Heap base and to place the Java Heap above 4GB virtual address.
# This output file may be truncated or incomplete.
#
#  Out of Memory Error (os_windows.cpp:3466), pid=5484, tid=30396
#
# JRE version:  (16.0.1+9) (build )
# Java VM: Java HotSpot(TM) 64-Bit Server VM (16.0.1+9-24, mixed mode, sharing, tiered, compressed oops, compressed class ptrs, g1 gc, windows-amd64)
# No core dump will be written. Minidumps are not enabled by default on client versions of Windows
#

---------------  S U M M A R Y ------------

Command Line: 

Host: AMD Ryzen 7 4800HS with Radeon Graphics         , 16 cores, 7G,  Windows 10 , 64 bit Build 19041 (10.0.19041.2251)
Time: Tue Dec  6 03:27:50 2022 SE Asia Standard Time elapsed time: 0.013099 seconds (0d 0h 0m 0s)

---------------  T H R E A D  ---------------

Current thread (0x00000257e80a1e60):  JavaThread "Unknown thread" [_thread_in_vm, id=30396, stack(0x0000007986b00000,0x0000007986c00000)]

Stack: [0x0000007986b00000,0x0000007986c00000]
Native frames: (J=compiled Java code, j=interpreted, Vv=VM code, C=native code)
V  [jvm.dll+0x6687ca]
V  [jvm.dll+0x7ca3c9]
V  [jvm.dll+0x7cbb53]
V  [jvm.dll+0x7cc1b3]
V  [jvm.dll+0x242ea5]
V  [jvm.dll+0x665589]
V  [jvm.dll+0x65a175]
V  [jvm.dll+0x2fc5ab]
V  [jvm.dll+0x3037a6]
V  [jvm.dll+0x352fee]
V  [jvm.dll+0x35321f]
V  [jvm.dll+0x2d3618]
V  [jvm.dll+0x2d4854]
V  [jvm.dll+0x79ccb1]
V  [jvm.dll+0x360de1]
V  [jvm.dll+0x77a990]
V  [jvm.dll+0x3e55af]
V  [jvm.dll+0x3e7081]
C  [jli.dll+0x52fb]
C  [ucrtbase.dll+0x21bb2]
C  [KERNEL32.DLL+0x174b4]
C  [ntdll.dll+0x526a1]


---------------  P R O C E S S  ---------------

Threads class SMR info:
_java_thread_list=0x00007ff8b30acbb8, length=0, elements={
}

Java Threads: ( => current thread )

Other Threads:
  0x00000257e80dec80 GCTaskThread "GC Thread#0" [stack: 0x0000007986c00000,0x0000007986d00000] [id=18444]
  0x00000257e80f0970 ConcurrentGCThread "G1 Main Marker" [stack: 0x0000007986d00000,0x0000007986e00000] [id=27584]
  0x00000257e80f1390 ConcurrentGCThread "G1 Conc#0" [stack: 0x0000007986e00000,0x0000007986f00000] [id=5592]

[error occurred during error reporting (printing all threads), id 0xc0000005, EXCEPTION_ACCESS_VIOLATION (0xc0000005) at pc=0x00007ff8b28844d7]

VM state: not at safepoint (not fully initialized)

VM Mutex/Monitor currently owned by a thread:  ([mutex/lock_event])
[0x00000257e809d930] Heap_lock - owner thread: 0x00000257e80a1e60

Heap address: 0x0000000089400000, size: 1900 MB, Compressed Oops mode: 32-bit

CDS archive(s) mapped at: [0x0000000000000000-0x0000000000000000-0x0000000000000000), size 0, SharedBaseAddress: 0x0000000800000000, ArchiveRelocationMode: 0.
Narrow klass base: 0x0000000000000000, Narrow klass shift: 0, Narrow klass range: 0x0

GC Precious Log:
<Empty>

Heap:
 garbage-first heap   total 0K, used 0K [0x0000000089400000, 0x0000000100000000)
  region size 1024K, 0 young (0K), 0 survivors (0K)

[error occurred during error reporting (printing heap information), id 0xc0000005, EXCEPTION_ACCESS_VIOLATION (0xc0000005) at pc=0x00007ff8b2c624ed]

GC Heap History (0 events):
No events

Deoptimization events (0 events):
No events

Classes unloaded (0 events):
No events

Classes redefined (0 events):
No events

Internal exceptions (0 events):
No events

Events (1 events):
Event: 0.009 Loaded shared library C:\Program Files\Java\jdk-16.0.1\bin\java.dll


Dynamic libraries:
0x00007ff68f490000 - 0x00007ff68f4a0000 	C:\Program Files\Java\jdk-16.0.1\bin\java.exe
0x00007ff962250000 - 0x00007ff962448000 	C:\WINDOWS\SYSTEM32\ntdll.dll
0x00007ff9608d0000 - 0x00007ff96098f000 	C:\WINDOWS\System32\KERNEL32.DLL
0x00007ff95fe30000 - 0x00007ff960102000 	C:\WINDOWS\System32\KERNELBASE.dll
0x00007ff95fb70000 - 0x00007ff95fc70000 	C:\WINDOWS\System32\ucrtbase.dll
0x00007ff934e40000 - 0x00007ff934e58000 	C:\Program Files\Java\jdk-16.0.1\bin\jli.dll
0x00007ff961e70000 - 0x00007ff961f1e000 	C:\WINDOWS\System32\ADVAPI32.dll
0x00007ff960440000 - 0x00007ff9604de000 	C:\WINDOWS\System32\msvcrt.dll
0x00007ff961330000 - 0x00007ff9613cc000 	C:\WINDOWS\System32\sechost.dll
0x00007ff961d40000 - 0x00007ff961e65000 	C:\WINDOWS\System32\RPCRT4.dll
0x00007ff9610f0000 - 0x00007ff96128d000 	C:\WINDOWS\System32\USER32.dll
0x00007ff95f9e0000 - 0x00007ff95fa02000 	C:\WINDOWS\System32\win32u.dll
0x00007ff9604e0000 - 0x00007ff96050b000 	C:\WINDOWS\System32\GDI32.dll
0x00007ff95fc70000 - 0x00007ff95fd7f000 	C:\WINDOWS\System32\gdi32full.dll
0x00007ff960160000 - 0x00007ff9601fd000 	C:\WINDOWS\System32\msvcp_win.dll
0x00007ff9290f0000 - 0x00007ff929109000 	C:\Program Files\Java\jdk-16.0.1\bin\VCRUNTIME140.dll
0x00007ff94c210000 - 0x00007ff94c4aa000 	C:\WINDOWS\WinSxS\amd64_microsoft.windows.common-controls_6595b64144ccf1df_6.0.19041.1110_none_60b5254171f9507e\COMCTL32.dll
0x00007ff956750000 - 0x00007ff95675a000 	C:\WINDOWS\SYSTEM32\VERSION.dll
0x00007ff961290000 - 0x00007ff9612c2000 	C:\WINDOWS\System32\IMM32.DLL
0x00007ff95e9e0000 - 0x00007ff95ea13000 	C:\WINDOWS\SYSTEM32\ntmarta.dll
0x00007ff95f840000 - 0x00007ff95f872000 	C:\WINDOWS\SYSTEM32\SspiCli.dll
0x00007ff93d3f0000 - 0x00007ff93d3fc000 	C:\Program Files\Java\jdk-16.0.1\bin\vcruntime140_1.dll
0x00007ff8de2e0000 - 0x00007ff8de371000 	C:\Program Files\Java\jdk-16.0.1\bin\msvcp140.dll
0x00007ff8b25a0000 - 0x00007ff8b314b000 	C:\Program Files\Java\jdk-16.0.1\bin\server\jvm.dll
0x00007ff9621e0000 - 0x00007ff9621e8000 	C:\WINDOWS\System32\PSAPI.DLL
0x00007ff947cf0000 - 0x00007ff947cf9000 	C:\WINDOWS\SYSTEM32\WSOCK32.dll
0x00007ff9613d0000 - 0x00007ff96143b000 	C:\WINDOWS\System32\WS2_32.dll
0x00007ff95df40000 - 0x00007ff95df67000 	C:\WINDOWS\SYSTEM32\WINMM.dll
0x00007ff95e1a0000 - 0x00007ff95e1b2000 	C:\WINDOWS\SYSTEM32\kernel.appcore.dll
0x00007ff93d1d0000 - 0x00007ff93d1da000 	C:\Program Files\Java\jdk-16.0.1\bin\jimage.dll
0x00007ff95dd50000 - 0x00007ff95df34000 	C:\WINDOWS\SYSTEM32\DBGHELP.DLL
0x00007ff95dd20000 - 0x00007ff95dd4c000 	C:\WINDOWS\SYSTEM32\dbgcore.DLL
0x00007ff95f950000 - 0x00007ff95f9d2000 	C:\WINDOWS\System32\bcryptPrimitives.dll
0x00007ff90f320000 - 0x00007ff90f345000 	C:\Program Files\Java\jdk-16.0.1\bin\java.dll

dbghelp: loaded successfully - version: 4.0.5 - missing functions: none
symbol engine: initialized successfully - sym options: 0x614 - pdb path: .;C:\Program Files\Java\jdk-16.0.1\bin;C:\WINDOWS\SYSTEM32;C:\WINDOWS\WinSxS\amd64_microsoft.windows.common-controls_6595b64144ccf1df_6.0.19041.1110_none_60b5254171f9507e;C:\Program Files\Java\jdk-16.0.1\bin\server

VM Arguments:
java_command: <unknown>
java_class_path (initial): <not set>
Launcher Type: SUN_STANDARD

[Global flags]
     intx CICompilerCount                          = 12                                        {product} {ergonomic}
     uint ConcGCThreads                            = 3                                         {product} {ergonomic}
     uint G1ConcRefinementThreads                  = 13                                        {product} {ergonomic}
   size_t G1HeapRegionSize                         = 1048576                                   {product} {ergonomic}
    uintx GCDrainStackTargetSize                   = 64                                        {product} {ergonomic}
   size_t InitialHeapSize                          = 125829120                                 {product} {ergonomic}
   size_t MarkStackSize                            = 4194304                                   {product} {ergonomic}
   size_t MaxHeapSize                              = 1992294400                                {product} {ergonomic}
   size_t MinHeapDeltaBytes                        = 1048576                                   {product} {ergonomic}
   size_t MinHeapSize                              = 8388608                                   {product} {ergonomic}
    uintx NonNMethodCodeHeapSize                   = 7602480                                {pd product} {ergonomic}
    uintx NonProfiledCodeHeapSize                  = 122027880                              {pd product} {ergonomic}
    uintx ProfiledCodeHeapSize                     = 122027880                              {pd product} {ergonomic}
    uintx ReservedCodeCacheSize                    = 251658240                              {pd product} {ergonomic}
     bool SegmentedCodeCache                       = true                                      {product} {ergonomic}
   size_t SoftMaxHeapSize                          = 1992294400                             {manageable} {ergonomic}
     bool UseCompressedClassPointers               = true                           {product lp64_product} {ergonomic}
     bool UseCompressedOops                        = true                           {product lp64_product} {ergonomic}
     bool UseG1GC                                  = true                                      {product} {ergonomic}
     bool UseLargePagesIndividualAllocation        = false                                  {pd product} {ergonomic}

Logging:
Log output configuration:
 #0: stdout all=warning uptime,level,tags
 #1: stderr all=off uptime,level,tags

Environment Variables:
PATH=D:\app\Windows_10\product\12.2.0\dbhome_1\bin;C:\Python311\Scripts\;C:\Python311\;C:\Program Files\Common Files\Oracle\Java\javapath;C:\Windows\system32;C:\Windows;C:\Windows\System32\Wbem;C:\Windows\System32\WindowsPowerShell\v1.0\;C:\Windows\System32\OpenSSH\;C:\Program Files (x86)\NVIDIA Corporation\PhysX\Common;C:\Program Files\NVIDIA Corporation\NVIDIA NvDLISR;C:\WINDOWS\system32;C:\WINDOWS;C:\WINDOWS\System32\Wbem;C:\WINDOWS\System32\WindowsPowerShell\v1.0\;C:\WINDOWS\System32\OpenSSH\;C:\TDM-GCC-64\bin;C:\ProgramData\chocolatey\bin;C:\Program Files\Git\cmd;C:\Users\Windows 10\AppData\Roaming\Python\Python311\Scripts;C:\Program Files\nodejs\;D:\xamppbaru;D:\xamppbaru\php;C:\ProgramData\ComposerSetup\bin;C:\Program Files\dotnet\;C:\Users\Windows 10\Downloads\Compressed\gradle-7.3.3-all\gradle-7.3.3\bin;C:\Users\Windows 10\AppData\Local\Microsoft\WindowsApps;C:\Users\Windows 10\AppData\Local\Programs\Microsoft VS Code\bin;C:\Users\Windows 10\AppData\Roaming\npm;C:\Users\Windows 10\AppData\Roaming\Composer\vendor\bin;C:\Users\Windows 10\.dotnet\tools;C:\tools\mysql\current\bin;
USERNAME=Windows 10
LANG=en_US.UTF-8
OS=Windows_NT
PROCESSOR_IDENTIFIER=AMD64 Family 23 Model 96 Stepping 1, AuthenticAMD



---------------  S Y S T E M  ---------------

OS:
 Windows 10 , 64 bit Build 19041 (10.0.19041.2251)
OS uptime: 0 days 15:26 hours

CPU: total 16 (initial active 16) (16 cores per cpu, 2 threads per core) family 23 model 96 stepping 1 microcode 0x0, cx8, cmov, fxsr, ht, mmx, 3dnowpref, sse, sse2, sse3, ssse3, sse4a, sse4.1, sse4.2, popcnt, lzcnt, tsc, tscinvbit, avx, avx2, aes, clmul, bmi1, bmi2, adx, sha, fma, vzeroupper, clflush, clflushopt

Memory: 4k page, system-wide physical 7597M (1062M free)
TotalPageFile size 21955M (AvailPageFile size 92M)
current process WorkingSet (physical memory assigned to process): 10M, peak: 10M
current process commit charge ("private bytes"): 70M, peak: 190M

vm_info: Java HotSpot(TM) 64-Bit Server VM (16.0.1+9-24) for windows-amd64 JRE (16.0.1+9-24), built on Mar 26 2021 19:31:42 by "mach5one" with MS VC++ 16.7 (VS2019)

END.
